<?xml version="1.0" encoding="UTF-8"?>
<testng-results skipped="0" failed="0" ignored="0" total="1" passed="1">
  <reporter-output>
  </reporter-output>
  <suite name="Default suite" duration-ms="7290" started-at="2022-10-10T10:36:14 CEST" finished-at="2022-10-10T10:36:22 CEST">
    <groups>
    </groups>
    <test name="Default test" duration-ms="7290" started-at="2022-10-10T10:36:14 CEST" finished-at="2022-10-10T10:36:22 CEST">
      <class name="testFrontend.moderatorTest">
        <test-method status="PASS" signature="setUpClass()[pri:0, instance:testFrontend.moderatorTest@f4168b8]" name="setUpClass" is-config="true" duration-ms="10" started-at="2022-10-10T10:36:14 CEST" finished-at="2022-10-10T10:36:14 CEST">
          <reporter-output>
          </reporter-output>
        </test-method> <!-- setUpClass -->
        <test-method status="PASS" signature="setUpMethod()[pri:0, instance:testFrontend.moderatorTest@f4168b8]" name="setUpMethod" is-config="true" duration-ms="6369" started-at="2022-10-10T10:36:14 CEST" finished-at="2022-10-10T10:36:21 CEST">
          <reporter-output>
          </reporter-output>
        </test-method> <!-- setUpMethod -->
        <test-method status="PASS" signature="homeLinl()[pri:0, instance:testFrontend.moderatorTest@f4168b8]" name="homeLinl" duration-ms="116" started-at="2022-10-10T10:36:21 CEST" finished-at="2022-10-10T10:36:21 CEST">
          <reporter-output>
          </reporter-output>
        </test-method> <!-- homeLinl -->
        <test-method status="PASS" signature="tearDownMethod()[pri:0, instance:testFrontend.moderatorTest@f4168b8]" name="tearDownMethod" is-config="true" duration-ms="748" started-at="2022-10-10T10:36:21 CEST" finished-at="2022-10-10T10:36:22 CEST">
          <reporter-output>
          </reporter-output>
        </test-method> <!-- tearDownMethod -->
        <test-method status="PASS" signature="tearDownClass()[pri:0, instance:testFrontend.moderatorTest@f4168b8]" name="tearDownClass" is-config="true" duration-ms="0" started-at="2022-10-10T10:36:22 CEST" finished-at="2022-10-10T10:36:22 CEST">
          <reporter-output>
          </reporter-output>
        </test-method> <!-- tearDownClass -->
      </class> <!-- testFrontend.moderatorTest -->
    </test> <!-- Default test -->
  </suite> <!-- Default suite -->
</testng-results>
